Copyright 1986-2022 Xilinx, Inc. All Rights Reserved. Copyright 2022-2023 Advanced Micro Devices, Inc. All Rights Reserved.
---------------------------------------------------------------------------------------------------------------------------------------------
| Tool Version : Vivado v.2023.2 (win64) Build 4029153 Fri Oct 13 20:14:34 MDT 2023
| Date         : Tue Jan 23 18:09:39 2024
| Host         : LAPTOP-4NG0TGNQ running 64-bit major release  (build 9200)
| Command      : upgrade_project -migrate_output_products
| Project_Path : C:/Users/19165/Downloads/zedboard_LEDs-master/zedboard_LEDs-master/zed_LEDs.xpr
---------------------------------------------------------------------------------------------------------------------------------------------

Project Status Summary

1. Project IP Status
--------------------
This project contains 0 IP and 1 Block Designs.


1.1 Project IP Instances
+---------------------------------+-------------------------+-------------------------------------+-------------------------------------+
| Instance Name                   | Status                  | Reason                              | Recommendation                      |
+---------------------------------+-------------------------+-------------------------------------+-------------------------------------+
| design_1_auto_pc_0              | Will be Migrated.       |                                     |                                     |
+---------------------------------+-------------------------+-------------------------------------+-------------------------------------+
| design_1_axi_gpio_0_0           | Will be Migrated.       |                                     |                                     |
+---------------------------------+-------------------------+-------------------------------------+-------------------------------------+
| design_1_axi_gpio_1_0           | Will be Migrated.       |                                     |                                     |
+---------------------------------+-------------------------+-------------------------------------+-------------------------------------+
| design_1_axi_gpio_2_0           | Will be Migrated.       |                                     |                                     |
+---------------------------------+-------------------------+-------------------------------------+-------------------------------------+
| design_1_axi_gpio_3_0           | Will be Migrated.       |                                     |                                     |
+---------------------------------+-------------------------+-------------------------------------+-------------------------------------+
| design_1_axi_gpio_4_0           | Will be Migrated.       |                                     |                                     |
+---------------------------------+-------------------------+-------------------------------------+-------------------------------------+
| design_1_axi_quad_spi_0_0       | Will be Migrated.       |                                     |                                     |
+---------------------------------+-------------------------+-------------------------------------+-------------------------------------+
| design_1_processing_system7_0_0 | Will be Migrated.       |                                     |                                     |
+---------------------------------+-------------------------+-------------------------------------+-------------------------------------+
| design_1_ps7_0_axi_periph_0     | Will be Migrated.       |                                     |                                     |
+---------------------------------+-------------------------+-------------------------------------+-------------------------------------+
| design_1_rst_ps7_0_100M_0       | Will be Migrated.       |                                     |                                     |
+---------------------------------+-------------------------+-------------------------------------+-------------------------------------+
| design_1_xbar_0                 | Will be Migrated.       |                                     |                                     |
+---------------------------------+-------------------------+-------------------------------------+-------------------------------------+
| design_1_xlconcat_0_0           | Will be Migrated.       |                                     |                                     |
+---------------------------------+-------------------------+-------------------------------------+-------------------------------------+


1.2 Project Block Designs
+----------+-------------------------+-------------------------------------+-------------------------------------+
| Design   | Status                  | Reason                              | Recommendation                      |
| Name     |                         |                                     |                                     |
+----------+-------------------------+-------------------------------------+-------------------------------------+
| design_1 | Will be Migrated.       |                                     |                                     |
+----------+-------------------------+-------------------------------------+-------------------------------------+



