#-----------------------------------------------------------
# Vivado v2018.2 (64-bit)
# SW Build 2258646 on Thu Jun 14 20:03:12 MDT 2018
# IP Build 2256618 on Thu Jun 14 22:10:49 MDT 2018
# Start of session at: Thu May  2 23:03:44 2019
# Process ID: 9676
# Current directory: C:/Xilinx/Vivado/projects/zed_LEDs
# Command line: vivado.exe -gui_launcher_event rodinguilauncherevent5416 C:\Xilinx\Vivado\projects\zed_LEDs\zed_LEDs.xpr
# Log file: C:/Xilinx/Vivado/projects/zed_LEDs/vivado.log
# Journal file: C:/Xilinx/Vivado/projects/zed_LEDs\vivado.jou
#-----------------------------------------------------------
start_gui
open_project C:/Xilinx/Vivado/projects/zed_LEDs/zed_LEDs.xpr
Scanning sources...
Finished scanning sources
INFO: [IP_Flow 19-234] Refreshing IP repositories
INFO: [IP_Flow 19-1704] No user IP repositories specified
INFO: [IP_Flow 19-2313] Loaded Vivado IP repository 'E:/xilinx/Vivado/2018.2/data/ip'.
open_project: Time (s): cpu = 00:00:17 ; elapsed = 00:00:08 . Memory (MB): peak = 853.145 ; gain = 191.340
update_compile_order -fileset sources_1
exit
INFO: [Common 17-206] Exiting Vivado at Thu May  2 23:13:56 2019...
