
*** Running vivado
    with args -log design_1_auto_pc_5.vds -m64 -product Vivado -mode batch -messageDb vivado.pb -notrace -source design_1_auto_pc_5.tcl


ECHO is off.
ECHO is off.

****** Vivado v2023.2 (64-bit)
  **** SW Build 4029153 on Fri Oct 13 20:14:34 MDT 2023
  **** IP Build 4028589 on Sat Oct 14 00:45:43 MDT 2023
  **** SharedData Build 4025554 on Tue Oct 10 17:18:54 MDT 2023
    ** Copyright 1986-2022 Xilinx, Inc. All Rights Reserved.
    ** Copyright 2022-2023 Advanced Micro Devices, Inc. All Rights Reserved.

source design_1_auto_pc_5.tcl -notrace
create_project: Time (s): cpu = 00:00:06 ; elapsed = 00:00:12 . Memory (MB): peak = 472.441 ; gain = 177.750
INFO: [IP_Flow 19-234] Refreshing IP repositories
WARNING: [IP_Flow 19-2248] Failed to load user IP repository 'c:/Users/19165/digilent/vivado-library/ip'; Can't find the specified path.
If this directory should no longer be in your list of user repositories, go to the IP Settings dialog and remove it.
INFO: [IP_Flow 19-2313] Loaded Vivado IP repository 'C:/Xilinx/Vivado/2023.2/data/ip'.
WARNING: [IP_Flow 19-4995] The host OS only allows 260 characters in a normal path. The IP cache path is more than 80 characters. If you experience issues with IP caching, please consider changing the IP cache to a location with a shorter path. Alternately consider using the OS subst command to map part of the path to a drive letter. 
Current IP cache path is c:/Users/19165/Downloads/zedboard_LEDs-master/zedboard_LEDs-master/zed_LEDs.cache/ip 
INFO: [IP_Flow 19-6924] IPCACHE: Running cache check for IP inst: design_1_auto_pc_5
INFO: [IP_Flow 19-6922] IPCACHE: Exporting cached entry 560b41f5673c3268 to dir: C:/Users/19165/Downloads/zedboard_LEDs-master/zedboard_LEDs-master/zed_LEDs.runs/design_1_auto_pc_5_synth_1
INFO: [IP_Flow 19-6928] IPCACHE: copied cached file c:/Users/19165/Downloads/zedboard_LEDs-master/zedboard_LEDs-master/zed_LEDs.cache/ip/2023.2/5/6/560b41f5673c3268/design_1_auto_pc_3.dcp to C:/Users/19165/Downloads/zedboard_LEDs-master/zedboard_LEDs-master/zed_LEDs.runs/design_1_auto_pc_5_synth_1/design_1_auto_pc_5.dcp.
INFO: [IP_Flow 19-6928] IPCACHE: copied cached file c:/Users/19165/Downloads/zedboard_LEDs-master/zedboard_LEDs-master/zed_LEDs.cache/ip/2023.2/5/6/560b41f5673c3268/design_1_auto_pc_3_sim_netlist.v to C:/Users/19165/Downloads/zedboard_LEDs-master/zedboard_LEDs-master/zed_LEDs.runs/design_1_auto_pc_5_synth_1/design_1_auto_pc_5_sim_netlist.v.
INFO: [IP_Flow 19-6928] IPCACHE: copied cached file c:/Users/19165/Downloads/zedboard_LEDs-master/zedboard_LEDs-master/zed_LEDs.cache/ip/2023.2/5/6/560b41f5673c3268/design_1_auto_pc_3_sim_netlist.vhdl to C:/Users/19165/Downloads/zedboard_LEDs-master/zedboard_LEDs-master/zed_LEDs.runs/design_1_auto_pc_5_synth_1/design_1_auto_pc_5_sim_netlist.vhdl.
INFO: [IP_Flow 19-6928] IPCACHE: copied cached file c:/Users/19165/Downloads/zedboard_LEDs-master/zedboard_LEDs-master/zed_LEDs.cache/ip/2023.2/5/6/560b41f5673c3268/design_1_auto_pc_3_stub.v to C:/Users/19165/Downloads/zedboard_LEDs-master/zedboard_LEDs-master/zed_LEDs.runs/design_1_auto_pc_5_synth_1/design_1_auto_pc_5_stub.v.
INFO: [IP_Flow 19-6928] IPCACHE: copied cached file c:/Users/19165/Downloads/zedboard_LEDs-master/zedboard_LEDs-master/zed_LEDs.cache/ip/2023.2/5/6/560b41f5673c3268/design_1_auto_pc_3_stub.vhdl to C:/Users/19165/Downloads/zedboard_LEDs-master/zedboard_LEDs-master/zed_LEDs.runs/design_1_auto_pc_5_synth_1/design_1_auto_pc_5_stub.vhdl.
INFO: [IP_Flow 19-4838] Using cached IP synthesis design for IP design_1_auto_pc_5, cache-ID = 560b41f5673c3268.
INFO: [Common 17-206] Exiting Vivado at Wed Jan 24 14:36:35 2024...
