
*** Running vivado
    with args -log design_1_auto_pc_3.vds -m64 -product Vivado -mode batch -messageDb vivado.pb -notrace -source design_1_auto_pc_3.tcl


ECHO is off.
ECHO is off.

****** Vivado v2023.2 (64-bit)
  **** SW Build 4029153 on Fri Oct 13 20:14:34 MDT 2023
  **** IP Build 4028589 on Sat Oct 14 00:45:43 MDT 2023
  **** SharedData Build 4025554 on Tue Oct 10 17:18:54 MDT 2023
    ** Copyright 1986-2022 Xilinx, Inc. All Rights Reserved.
    ** Copyright 2022-2023 Advanced Micro Devices, Inc. All Rights Reserved.

source design_1_auto_pc_3.tcl -notrace
create_project: Time (s): cpu = 00:00:04 ; elapsed = 00:00:14 . Memory (MB): peak = 472.938 ; gain = 178.719
INFO: [IP_Flow 19-234] Refreshing IP repositories
WARNING: [IP_Flow 19-2248] Failed to load user IP repository 'c:/Users/19165/digilent/vivado-library/ip'; Can't find the specified path.
If this directory should no longer be in your list of user repositories, go to the IP Settings dialog and remove it.
INFO: [IP_Flow 19-2313] Loaded Vivado IP repository 'C:/Xilinx/Vivado/2023.2/data/ip'.
WARNING: [IP_Flow 19-4995] The host OS only allows 260 characters in a normal path. The IP cache path is more than 80 characters. If you experience issues with IP caching, please consider changing the IP cache to a location with a shorter path. Alternately consider using the OS subst command to map part of the path to a drive letter. 
Current IP cache path is c:/Users/19165/Downloads/zedboard_LEDs-master/zedboard_LEDs-master/zed_LEDs.cache/ip 
INFO: [IP_Flow 19-6924] IPCACHE: Running cache check for IP inst: design_1_auto_pc_3
Command: synth_design -top design_1_auto_pc_3 -part xc7z020clg484-1 -incremental_mode off -mode out_of_context
Starting synth_design
Attempting to get a license for feature 'Synthesis' and/or device 'xc7z020'
INFO: [Common 17-349] Got license for feature 'Synthesis' and/or device 'xc7z020'
INFO: [Device 21-403] Loading part xc7z020clg484-1
INFO: [Synth 8-7079] Multithreading enabled for synth_design using a maximum of 2 processes.
INFO: [Synth 8-7078] Launching helper process for spawning children vivado processes
INFO: [Synth 8-7075] Helper process launched with PID 17252
---------------------------------------------------------------------------------
Starting RTL Elaboration : Time (s): cpu = 00:00:11 ; elapsed = 00:00:23 . Memory (MB): peak = 1348.277 ; gain = 439.102
---------------------------------------------------------------------------------
INFO: [Synth 8-6157] synthesizing module 'design_1_auto_pc_3' [c:/Users/19165/Downloads/zedboard_LEDs-master/zedboard_LEDs-master/zed_LEDs.srcs/sources_1/bd/design_1/ip/design_1_auto_pc_3/synth/design_1_auto_pc_3.v:53]
INFO: [Synth 8-6157] synthesizing module 'axi_protocol_converter_v2_1_29_axi_protocol_converter' [c:/Users/19165/Downloads/zedboard_LEDs-master/zedboard_LEDs-master/zed_LEDs.gen/sources_1/bd/design_1/ipshared/a63f/hdl/axi_protocol_converter_v2_1_vl_rfs.v:5285]
INFO: [Synth 8-6157] synthesizing module 'axi_protocol_converter_v2_1_29_b2s' [c:/Users/19165/Downloads/zedboard_LEDs-master/zedboard_LEDs-master/zed_LEDs.gen/sources_1/bd/design_1/ipshared/a63f/hdl/axi_protocol_converter_v2_1_vl_rfs.v:4704]
INFO: [Synth 8-6157] synthesizing module 'axi_protocol_converter_v2_1_29_b2s_aw_channel' [c:/Users/19165/Downloads/zedboard_LEDs-master/zedboard_LEDs-master/zed_LEDs.gen/sources_1/bd/design_1/ipshared/a63f/hdl/axi_protocol_converter_v2_1_vl_rfs.v:4360]
INFO: [Synth 8-6157] synthesizing module 'axi_protocol_converter_v2_1_29_b2s_cmd_translator' [c:/Users/19165/Downloads/zedboard_LEDs-master/zedboard_LEDs-master/zed_LEDs.gen/sources_1/bd/design_1/ipshared/a63f/hdl/axi_protocol_converter_v2_1_vl_rfs.v:3720]
INFO: [Synth 8-6157] synthesizing module 'axi_protocol_converter_v2_1_29_b2s_incr_cmd' [c:/Users/19165/Downloads/zedboard_LEDs-master/zedboard_LEDs-master/zed_LEDs.gen/sources_1/bd/design_1/ipshared/a63f/hdl/axi_protocol_converter_v2_1_vl_rfs.v:3216]
INFO: [Synth 8-6155] done synthesizing module 'axi_protocol_converter_v2_1_29_b2s_incr_cmd' (0#1) [c:/Users/19165/Downloads/zedboard_LEDs-master/zedboard_LEDs-master/zed_LEDs.gen/sources_1/bd/design_1/ipshared/a63f/hdl/axi_protocol_converter_v2_1_vl_rfs.v:3216]
INFO: [Synth 8-6157] synthesizing module 'axi_protocol_converter_v2_1_29_b2s_wrap_cmd' [c:/Users/19165/Downloads/zedboard_LEDs-master/zedboard_LEDs-master/zed_LEDs.gen/sources_1/bd/design_1/ipshared/a63f/hdl/axi_protocol_converter_v2_1_vl_rfs.v:2982]
INFO: [Synth 8-6155] done synthesizing module 'axi_protocol_converter_v2_1_29_b2s_wrap_cmd' (0#1) [c:/Users/19165/Downloads/zedboard_LEDs-master/zedboard_LEDs-master/zed_LEDs.gen/sources_1/bd/design_1/ipshared/a63f/hdl/axi_protocol_converter_v2_1_vl_rfs.v:2982]
INFO: [Synth 8-6155] done synthesizing module 'axi_protocol_converter_v2_1_29_b2s_cmd_translator' (0#1) [c:/Users/19165/Downloads/zedboard_LEDs-master/zedboard_LEDs-master/zed_LEDs.gen/sources_1/bd/design_1/ipshared/a63f/hdl/axi_protocol_converter_v2_1_vl_rfs.v:3720]
INFO: [Synth 8-6157] synthesizing module 'axi_protocol_converter_v2_1_29_b2s_wr_cmd_fsm' [c:/Users/19165/Downloads/zedboard_LEDs-master/zedboard_LEDs-master/zed_LEDs.gen/sources_1/bd/design_1/ipshared/a63f/hdl/axi_protocol_converter_v2_1_vl_rfs.v:3392]
INFO: [Synth 8-226] default block is never used [c:/Users/19165/Downloads/zedboard_LEDs-master/zedboard_LEDs-master/zed_LEDs.gen/sources_1/bd/design_1/ipshared/a63f/hdl/axi_protocol_converter_v2_1_vl_rfs.v:3446]
INFO: [Synth 8-6155] done synthesizing module 'axi_protocol_converter_v2_1_29_b2s_wr_cmd_fsm' (0#1) [c:/Users/19165/Downloads/zedboard_LEDs-master/zedboard_LEDs-master/zed_LEDs.gen/sources_1/bd/design_1/ipshared/a63f/hdl/axi_protocol_converter_v2_1_vl_rfs.v:3392]
INFO: [Synth 8-6155] done synthesizing module 'axi_protocol_converter_v2_1_29_b2s_aw_channel' (0#1) [c:/Users/19165/Downloads/zedboard_LEDs-master/zedboard_LEDs-master/zed_LEDs.gen/sources_1/bd/design_1/ipshared/a63f/hdl/axi_protocol_converter_v2_1_vl_rfs.v:4360]
INFO: [Synth 8-6157] synthesizing module 'axi_protocol_converter_v2_1_29_b2s_b_channel' [c:/Users/19165/Downloads/zedboard_LEDs-master/zedboard_LEDs-master/zed_LEDs.gen/sources_1/bd/design_1/ipshared/a63f/hdl/axi_protocol_converter_v2_1_vl_rfs.v:3906]
INFO: [Synth 8-6157] synthesizing module 'axi_protocol_converter_v2_1_29_b2s_simple_fifo' [c:/Users/19165/Downloads/zedboard_LEDs-master/zedboard_LEDs-master/zed_LEDs.gen/sources_1/bd/design_1/ipshared/a63f/hdl/axi_protocol_converter_v2_1_vl_rfs.v:2852]
INFO: [Synth 8-6155] done synthesizing module 'axi_protocol_converter_v2_1_29_b2s_simple_fifo' (0#1) [c:/Users/19165/Downloads/zedboard_LEDs-master/zedboard_LEDs-master/zed_LEDs.gen/sources_1/bd/design_1/ipshared/a63f/hdl/axi_protocol_converter_v2_1_vl_rfs.v:2852]
INFO: [Synth 8-6157] synthesizing module 'axi_protocol_converter_v2_1_29_b2s_simple_fifo__parameterized0' [c:/Users/19165/Downloads/zedboard_LEDs-master/zedboard_LEDs-master/zed_LEDs.gen/sources_1/bd/design_1/ipshared/a63f/hdl/axi_protocol_converter_v2_1_vl_rfs.v:2852]
INFO: [Synth 8-6155] done synthesizing module 'axi_protocol_converter_v2_1_29_b2s_simple_fifo__parameterized0' (0#1) [c:/Users/19165/Downloads/zedboard_LEDs-master/zedboard_LEDs-master/zed_LEDs.gen/sources_1/bd/design_1/ipshared/a63f/hdl/axi_protocol_converter_v2_1_vl_rfs.v:2852]
INFO: [Synth 8-6155] done synthesizing module 'axi_protocol_converter_v2_1_29_b2s_b_channel' (0#1) [c:/Users/19165/Downloads/zedboard_LEDs-master/zedboard_LEDs-master/zed_LEDs.gen/sources_1/bd/design_1/ipshared/a63f/hdl/axi_protocol_converter_v2_1_vl_rfs.v:3906]
INFO: [Synth 8-6157] synthesizing module 'axi_protocol_converter_v2_1_29_b2s_ar_channel' [c:/Users/19165/Downloads/zedboard_LEDs-master/zedboard_LEDs-master/zed_LEDs.gen/sources_1/bd/design_1/ipshared/a63f/hdl/axi_protocol_converter_v2_1_vl_rfs.v:4516]
INFO: [Synth 8-6157] synthesizing module 'axi_protocol_converter_v2_1_29_b2s_rd_cmd_fsm' [c:/Users/19165/Downloads/zedboard_LEDs-master/zedboard_LEDs-master/zed_LEDs.gen/sources_1/bd/design_1/ipshared/a63f/hdl/axi_protocol_converter_v2_1_vl_rfs.v:3546]
INFO: [Synth 8-226] default block is never used [c:/Users/19165/Downloads/zedboard_LEDs-master/zedboard_LEDs-master/zed_LEDs.gen/sources_1/bd/design_1/ipshared/a63f/hdl/axi_protocol_converter_v2_1_vl_rfs.v:3608]
INFO: [Synth 8-6155] done synthesizing module 'axi_protocol_converter_v2_1_29_b2s_rd_cmd_fsm' (0#1) [c:/Users/19165/Downloads/zedboard_LEDs-master/zedboard_LEDs-master/zed_LEDs.gen/sources_1/bd/design_1/ipshared/a63f/hdl/axi_protocol_converter_v2_1_vl_rfs.v:3546]
INFO: [Synth 8-6155] done synthesizing module 'axi_protocol_converter_v2_1_29_b2s_ar_channel' (0#1) [c:/Users/19165/Downloads/zedboard_LEDs-master/zedboard_LEDs-master/zed_LEDs.gen/sources_1/bd/design_1/ipshared/a63f/hdl/axi_protocol_converter_v2_1_vl_rfs.v:4516]
INFO: [Synth 8-6157] synthesizing module 'axi_protocol_converter_v2_1_29_b2s_r_channel' [c:/Users/19165/Downloads/zedboard_LEDs-master/zedboard_LEDs-master/zed_LEDs.gen/sources_1/bd/design_1/ipshared/a63f/hdl/axi_protocol_converter_v2_1_vl_rfs.v:4155]
INFO: [Synth 8-6157] synthesizing module 'axi_protocol_converter_v2_1_29_b2s_simple_fifo__parameterized1' [c:/Users/19165/Downloads/zedboard_LEDs-master/zedboard_LEDs-master/zed_LEDs.gen/sources_1/bd/design_1/ipshared/a63f/hdl/axi_protocol_converter_v2_1_vl_rfs.v:2852]
INFO: [Synth 8-6155] done synthesizing module 'axi_protocol_converter_v2_1_29_b2s_simple_fifo__parameterized1' (0#1) [c:/Users/19165/Downloads/zedboard_LEDs-master/zedboard_LEDs-master/zed_LEDs.gen/sources_1/bd/design_1/ipshared/a63f/hdl/axi_protocol_converter_v2_1_vl_rfs.v:2852]
INFO: [Synth 8-6157] synthesizing module 'axi_protocol_converter_v2_1_29_b2s_simple_fifo__parameterized2' [c:/Users/19165/Downloads/zedboard_LEDs-master/zedboard_LEDs-master/zed_LEDs.gen/sources_1/bd/design_1/ipshared/a63f/hdl/axi_protocol_converter_v2_1_vl_rfs.v:2852]
INFO: [Synth 8-6155] done synthesizing module 'axi_protocol_converter_v2_1_29_b2s_simple_fifo__parameterized2' (0#1) [c:/Users/19165/Downloads/zedboard_LEDs-master/zedboard_LEDs-master/zed_LEDs.gen/sources_1/bd/design_1/ipshared/a63f/hdl/axi_protocol_converter_v2_1_vl_rfs.v:2852]
INFO: [Synth 8-6155] done synthesizing module 'axi_protocol_converter_v2_1_29_b2s_r_channel' (0#1) [c:/Users/19165/Downloads/zedboard_LEDs-master/zedboard_LEDs-master/zed_LEDs.gen/sources_1/bd/design_1/ipshared/a63f/hdl/axi_protocol_converter_v2_1_vl_rfs.v:4155]
INFO: [Synth 8-6157] synthesizing module 'axi_register_slice_v2_1_29_axi_register_slice' [c:/Users/19165/Downloads/zedboard_LEDs-master/zedboard_LEDs-master/zed_LEDs.gen/sources_1/bd/design_1/ipshared/ff9f/hdl/axi_register_slice_v2_1_vl_rfs.v:3718]
INFO: [Synth 8-6157] synthesizing module 'axi_infrastructure_v1_1_0_axi2vector' [c:/Users/19165/Downloads/zedboard_LEDs-master/zedboard_LEDs-master/zed_LEDs.gen/sources_1/bd/design_1/ipshared/ec67/hdl/axi_infrastructure_v1_1_vl_rfs.v:59]
INFO: [Synth 8-6155] done synthesizing module 'axi_infrastructure_v1_1_0_axi2vector' (0#1) [c:/Users/19165/Downloads/zedboard_LEDs-master/zedboard_LEDs-master/zed_LEDs.gen/sources_1/bd/design_1/ipshared/ec67/hdl/axi_infrastructure_v1_1_vl_rfs.v:59]
INFO: [Synth 8-6157] synthesizing module 'axi_infrastructure_v1_1_0_vector2axi' [c:/Users/19165/Downloads/zedboard_LEDs-master/zedboard_LEDs-master/zed_LEDs.gen/sources_1/bd/design_1/ipshared/ec67/hdl/axi_infrastructure_v1_1_vl_rfs.v:473]
INFO: [Synth 8-6155] done synthesizing module 'axi_infrastructure_v1_1_0_vector2axi' (0#1) [c:/Users/19165/Downloads/zedboard_LEDs-master/zedboard_LEDs-master/zed_LEDs.gen/sources_1/bd/design_1/ipshared/ec67/hdl/axi_infrastructure_v1_1_vl_rfs.v:473]
INFO: [Synth 8-6157] synthesizing module 'axi_register_slice_v2_1_29_axic_register_slice' [c:/Users/19165/Downloads/zedboard_LEDs-master/zedboard_LEDs-master/zed_LEDs.gen/sources_1/bd/design_1/ipshared/ff9f/hdl/axi_register_slice_v2_1_vl_rfs.v:1492]
INFO: [Synth 8-6155] done synthesizing module 'axi_register_slice_v2_1_29_axic_register_slice' (0#1) [c:/Users/19165/Downloads/zedboard_LEDs-master/zedboard_LEDs-master/zed_LEDs.gen/sources_1/bd/design_1/ipshared/ff9f/hdl/axi_register_slice_v2_1_vl_rfs.v:1492]
INFO: [Synth 8-6157] synthesizing module 'axi_register_slice_v2_1_29_axic_register_slice__parameterized0' [c:/Users/19165/Downloads/zedboard_LEDs-master/zedboard_LEDs-master/zed_LEDs.gen/sources_1/bd/design_1/ipshared/ff9f/hdl/axi_register_slice_v2_1_vl_rfs.v:1492]
INFO: [Synth 8-6155] done synthesizing module 'axi_register_slice_v2_1_29_axic_register_slice__parameterized0' (0#1) [c:/Users/19165/Downloads/zedboard_LEDs-master/zedboard_LEDs-master/zed_LEDs.gen/sources_1/bd/design_1/ipshared/ff9f/hdl/axi_register_slice_v2_1_vl_rfs.v:1492]
INFO: [Synth 8-6157] synthesizing module 'axi_register_slice_v2_1_29_axic_register_slice__parameterized1' [c:/Users/19165/Downloads/zedboard_LEDs-master/zedboard_LEDs-master/zed_LEDs.gen/sources_1/bd/design_1/ipshared/ff9f/hdl/axi_register_slice_v2_1_vl_rfs.v:1492]
INFO: [Synth 8-6155] done synthesizing module 'axi_register_slice_v2_1_29_axic_register_slice__parameterized1' (0#1) [c:/Users/19165/Downloads/zedboard_LEDs-master/zedboard_LEDs-master/zed_LEDs.gen/sources_1/bd/design_1/ipshared/ff9f/hdl/axi_register_slice_v2_1_vl_rfs.v:1492]
INFO: [Synth 8-6157] synthesizing module 'axi_register_slice_v2_1_29_axic_register_slice__parameterized2' [c:/Users/19165/Downloads/zedboard_LEDs-master/zedboard_LEDs-master/zed_LEDs.gen/sources_1/bd/design_1/ipshared/ff9f/hdl/axi_register_slice_v2_1_vl_rfs.v:1492]
INFO: [Synth 8-6155] done synthesizing module 'axi_register_slice_v2_1_29_axic_register_slice__parameterized2' (0#1) [c:/Users/19165/Downloads/zedboard_LEDs-master/zedboard_LEDs-master/zed_LEDs.gen/sources_1/bd/design_1/ipshared/ff9f/hdl/axi_register_slice_v2_1_vl_rfs.v:1492]
INFO: [Synth 8-6155] done synthesizing module 'axi_register_slice_v2_1_29_axi_register_slice' (0#1) [c:/Users/19165/Downloads/zedboard_LEDs-master/zedboard_LEDs-master/zed_LEDs.gen/sources_1/bd/design_1/ipshared/ff9f/hdl/axi_register_slice_v2_1_vl_rfs.v:3718]
WARNING: [Synth 8-7071] port 'aclk2x' of module 'axi_register_slice_v2_1_29_axi_register_slice' is unconnected for instance 'SI_REG' [c:/Users/19165/Downloads/zedboard_LEDs-master/zedboard_LEDs-master/zed_LEDs.gen/sources_1/bd/design_1/ipshared/a63f/hdl/axi_protocol_converter_v2_1_vl_rfs.v:4871]
WARNING: [Synth 8-7023] instance 'SI_REG' of module 'axi_register_slice_v2_1_29_axi_register_slice' has 93 connections declared, but only 92 given [c:/Users/19165/Downloads/zedboard_LEDs-master/zedboard_LEDs-master/zed_LEDs.gen/sources_1/bd/design_1/ipshared/a63f/hdl/axi_protocol_converter_v2_1_vl_rfs.v:4871]
INFO: [Synth 8-6157] synthesizing module 'axi_register_slice_v2_1_29_axi_register_slice__parameterized0' [c:/Users/19165/Downloads/zedboard_LEDs-master/zedboard_LEDs-master/zed_LEDs.gen/sources_1/bd/design_1/ipshared/ff9f/hdl/axi_register_slice_v2_1_vl_rfs.v:3718]
INFO: [Synth 8-6157] synthesizing module 'axi_infrastructure_v1_1_0_axi2vector__parameterized0' [c:/Users/19165/Downloads/zedboard_LEDs-master/zedboard_LEDs-master/zed_LEDs.gen/sources_1/bd/design_1/ipshared/ec67/hdl/axi_infrastructure_v1_1_vl_rfs.v:59]
INFO: [Synth 8-6155] done synthesizing module 'axi_infrastructure_v1_1_0_axi2vector__parameterized0' (0#1) [c:/Users/19165/Downloads/zedboard_LEDs-master/zedboard_LEDs-master/zed_LEDs.gen/sources_1/bd/design_1/ipshared/ec67/hdl/axi_infrastructure_v1_1_vl_rfs.v:59]
INFO: [Synth 8-6157] synthesizing module 'axi_infrastructure_v1_1_0_vector2axi__parameterized0' [c:/Users/19165/Downloads/zedboard_LEDs-master/zedboard_LEDs-master/zed_LEDs.gen/sources_1/bd/design_1/ipshared/ec67/hdl/axi_infrastructure_v1_1_vl_rfs.v:473]
INFO: [Synth 8-6155] done synthesizing module 'axi_infrastructure_v1_1_0_vector2axi__parameterized0' (0#1) [c:/Users/19165/Downloads/zedboard_LEDs-master/zedboard_LEDs-master/zed_LEDs.gen/sources_1/bd/design_1/ipshared/ec67/hdl/axi_infrastructure_v1_1_vl_rfs.v:473]
INFO: [Synth 8-6157] synthesizing module 'axi_register_slice_v2_1_29_axic_register_slice__parameterized3' [c:/Users/19165/Downloads/zedboard_LEDs-master/zedboard_LEDs-master/zed_LEDs.gen/sources_1/bd/design_1/ipshared/ff9f/hdl/axi_register_slice_v2_1_vl_rfs.v:1492]
INFO: [Synth 8-6155] done synthesizing module 'axi_register_slice_v2_1_29_axic_register_slice__parameterized3' (0#1) [c:/Users/19165/Downloads/zedboard_LEDs-master/zedboard_LEDs-master/zed_LEDs.gen/sources_1/bd/design_1/ipshared/ff9f/hdl/axi_register_slice_v2_1_vl_rfs.v:1492]
INFO: [Synth 8-6157] synthesizing module 'axi_register_slice_v2_1_29_axic_register_slice__parameterized4' [c:/Users/19165/Downloads/zedboard_LEDs-master/zedboard_LEDs-master/zed_LEDs.gen/sources_1/bd/design_1/ipshared/ff9f/hdl/axi_register_slice_v2_1_vl_rfs.v:1492]
INFO: [Synth 8-6155] done synthesizing module 'axi_register_slice_v2_1_29_axic_register_slice__parameterized4' (0#1) [c:/Users/19165/Downloads/zedboard_LEDs-master/zedboard_LEDs-master/zed_LEDs.gen/sources_1/bd/design_1/ipshared/ff9f/hdl/axi_register_slice_v2_1_vl_rfs.v:1492]
INFO: [Synth 8-6157] synthesizing module 'axi_register_slice_v2_1_29_axic_register_slice__parameterized5' [c:/Users/19165/Downloads/zedboard_LEDs-master/zedboard_LEDs-master/zed_LEDs.gen/sources_1/bd/design_1/ipshared/ff9f/hdl/axi_register_slice_v2_1_vl_rfs.v:1492]
INFO: [Synth 8-6155] done synthesizing module 'axi_register_slice_v2_1_29_axic_register_slice__parameterized5' (0#1) [c:/Users/19165/Downloads/zedboard_LEDs-master/zedboard_LEDs-master/zed_LEDs.gen/sources_1/bd/design_1/ipshared/ff9f/hdl/axi_register_slice_v2_1_vl_rfs.v:1492]
INFO: [Synth 8-6157] synthesizing module 'axi_register_slice_v2_1_29_axic_register_slice__parameterized6' [c:/Users/19165/Downloads/zedboard_LEDs-master/zedboard_LEDs-master/zed_LEDs.gen/sources_1/bd/design_1/ipshared/ff9f/hdl/axi_register_slice_v2_1_vl_rfs.v:1492]
INFO: [Synth 8-6155] done synthesizing module 'axi_register_slice_v2_1_29_axic_register_slice__parameterized6' (0#1) [c:/Users/19165/Downloads/zedboard_LEDs-master/zedboard_LEDs-master/zed_LEDs.gen/sources_1/bd/design_1/ipshared/ff9f/hdl/axi_register_slice_v2_1_vl_rfs.v:1492]
INFO: [Synth 8-6155] done synthesizing module 'axi_register_slice_v2_1_29_axi_register_slice__parameterized0' (0#1) [c:/Users/19165/Downloads/zedboard_LEDs-master/zedboard_LEDs-master/zed_LEDs.gen/sources_1/bd/design_1/ipshared/ff9f/hdl/axi_register_slice_v2_1_vl_rfs.v:3718]
WARNING: [Synth 8-7071] port 'aclk2x' of module 'axi_register_slice_v2_1_29_axi_register_slice' is unconnected for instance 'MI_REG' [c:/Users/19165/Downloads/zedboard_LEDs-master/zedboard_LEDs-master/zed_LEDs.gen/sources_1/bd/design_1/ipshared/a63f/hdl/axi_protocol_converter_v2_1_vl_rfs.v:5126]
WARNING: [Synth 8-7023] instance 'MI_REG' of module 'axi_register_slice_v2_1_29_axi_register_slice' has 93 connections declared, but only 92 given [c:/Users/19165/Downloads/zedboard_LEDs-master/zedboard_LEDs-master/zed_LEDs.gen/sources_1/bd/design_1/ipshared/a63f/hdl/axi_protocol_converter_v2_1_vl_rfs.v:5126]
INFO: [Synth 8-6155] done synthesizing module 'axi_protocol_converter_v2_1_29_b2s' (0#1) [c:/Users/19165/Downloads/zedboard_LEDs-master/zedboard_LEDs-master/zed_LEDs.gen/sources_1/bd/design_1/ipshared/a63f/hdl/axi_protocol_converter_v2_1_vl_rfs.v:4704]
INFO: [Synth 8-6155] done synthesizing module 'axi_protocol_converter_v2_1_29_axi_protocol_converter' (0#1) [c:/Users/19165/Downloads/zedboard_LEDs-master/zedboard_LEDs-master/zed_LEDs.gen/sources_1/bd/design_1/ipshared/a63f/hdl/axi_protocol_converter_v2_1_vl_rfs.v:5285]
INFO: [Synth 8-6155] done synthesizing module 'design_1_auto_pc_3' (0#1) [c:/Users/19165/Downloads/zedboard_LEDs-master/zedboard_LEDs-master/zed_LEDs.srcs/sources_1/bd/design_1/ip/design_1_auto_pc_3/synth/design_1_auto_pc_3.v:53]
WARNING: [Synth 8-6014] Unused sequential element state_r1_reg was removed.  [c:/Users/19165/Downloads/zedboard_LEDs-master/zedboard_LEDs-master/zed_LEDs.gen/sources_1/bd/design_1/ipshared/a63f/hdl/axi_protocol_converter_v2_1_vl_rfs.v:3596]
WARNING: [Synth 8-6014] Unused sequential element s_arlen_r_reg was removed.  [c:/Users/19165/Downloads/zedboard_LEDs-master/zedboard_LEDs-master/zed_LEDs.gen/sources_1/bd/design_1/ipshared/a63f/hdl/axi_protocol_converter_v2_1_vl_rfs.v:3597]
WARNING: [Synth 8-7129] Port ACLK in module axi_register_slice_v2_1_29_axic_register_slice__parameterized6 is either unconnected or has no load
WARNING: [Synth 8-7129] Port ARESET in module axi_register_slice_v2_1_29_axic_register_slice__parameterized6 is either unconnected or has no load
WARNING: [Synth 8-7129] Port ACLK in module axi_register_slice_v2_1_29_axic_register_slice__parameterized3 is either unconnected or has no load
WARNING: [Synth 8-7129] Port ARESET in module axi_register_slice_v2_1_29_axic_register_slice__parameterized3 is either unconnected or has no load
WARNING: [Synth 8-7129] Port ACLK in module axi_register_slice_v2_1_29_axic_register_slice__parameterized5 is either unconnected or has no load
WARNING: [Synth 8-7129] Port ARESET in module axi_register_slice_v2_1_29_axic_register_slice__parameterized5 is either unconnected or has no load
WARNING: [Synth 8-7129] Port ACLK in module axi_register_slice_v2_1_29_axic_register_slice__parameterized4 is either unconnected or has no load
WARNING: [Synth 8-7129] Port ARESET in module axi_register_slice_v2_1_29_axic_register_slice__parameterized4 is either unconnected or has no load
WARNING: [Synth 8-7129] Port m_axi_bid[0] in module axi_infrastructure_v1_1_0_vector2axi__parameterized0 is either unconnected or has no load
WARNING: [Synth 8-7129] Port m_axi_buser[0] in module axi_infrastructure_v1_1_0_vector2axi__parameterized0 is either unconnected or has no load
WARNING: [Synth 8-7129] Port m_axi_rid[0] in module axi_infrastructure_v1_1_0_vector2axi__parameterized0 is either unconnected or has no load
WARNING: [Synth 8-7129] Port m_axi_rlast in module axi_infrastructure_v1_1_0_vector2axi__parameterized0 is either unconnected or has no load
WARNING: [Synth 8-7129] Port m_axi_ruser[0] in module axi_infrastructure_v1_1_0_vector2axi__parameterized0 is either unconnected or has no load
WARNING: [Synth 8-7129] Port s_axi_awid[0] in module axi_infrastructure_v1_1_0_axi2vector__parameterized0 is either unconnected or has no load
WARNING: [Synth 8-7129] Port s_axi_awlen[7] in module axi_infrastructure_v1_1_0_axi2vector__parameterized0 is either unconnected or has no load
WARNING: [Synth 8-7129] Port s_axi_awlen[6] in module axi_infrastructure_v1_1_0_axi2vector__parameterized0 is either unconnected or has no load
WARNING: [Synth 8-7129] Port s_axi_awlen[5] in module axi_infrastructure_v1_1_0_axi2vector__parameterized0 is either unconnected or has no load
WARNING: [Synth 8-7129] Port s_axi_awlen[4] in module axi_infrastructure_v1_1_0_axi2vector__parameterized0 is either unconnected or has no load
WARNING: [Synth 8-7129] Port s_axi_awlen[3] in module axi_infrastructure_v1_1_0_axi2vector__parameterized0 is either unconnected or has no load
WARNING: [Synth 8-7129] Port s_axi_awlen[2] in module axi_infrastructure_v1_1_0_axi2vector__parameterized0 is either unconnected or has no load
WARNING: [Synth 8-7129] Port s_axi_awlen[1] in module axi_infrastructure_v1_1_0_axi2vector__parameterized0 is either unconnected or has no load
WARNING: [Synth 8-7129] Port s_axi_awlen[0] in module axi_infrastructure_v1_1_0_axi2vector__parameterized0 is either unconnected or has no load
WARNING: [Synth 8-7129] Port s_axi_awsize[2] in module axi_infrastructure_v1_1_0_axi2vector__parameterized0 is either unconnected or has no load
WARNING: [Synth 8-7129] Port s_axi_awsize[1] in module axi_infrastructure_v1_1_0_axi2vector__parameterized0 is either unconnected or has no load
WARNING: [Synth 8-7129] Port s_axi_awsize[0] in module axi_infrastructure_v1_1_0_axi2vector__parameterized0 is either unconnected or has no load
WARNING: [Synth 8-7129] Port s_axi_awburst[1] in module axi_infrastructure_v1_1_0_axi2vector__parameterized0 is either unconnected or has no load
WARNING: [Synth 8-7129] Port s_axi_awburst[0] in module axi_infrastructure_v1_1_0_axi2vector__parameterized0 is either unconnected or has no load
WARNING: [Synth 8-7129] Port s_axi_awlock[0] in module axi_infrastructure_v1_1_0_axi2vector__parameterized0 is either unconnected or has no load
WARNING: [Synth 8-7129] Port s_axi_awcache[3] in module axi_infrastructure_v1_1_0_axi2vector__parameterized0 is either unconnected or has no load
WARNING: [Synth 8-7129] Port s_axi_awcache[2] in module axi_infrastructure_v1_1_0_axi2vector__parameterized0 is either unconnected or has no load
WARNING: [Synth 8-7129] Port s_axi_awcache[1] in module axi_infrastructure_v1_1_0_axi2vector__parameterized0 is either unconnected or has no load
WARNING: [Synth 8-7129] Port s_axi_awcache[0] in module axi_infrastructure_v1_1_0_axi2vector__parameterized0 is either unconnected or has no load
WARNING: [Synth 8-7129] Port s_axi_awregion[3] in module axi_infrastructure_v1_1_0_axi2vector__parameterized0 is either unconnected or has no load
WARNING: [Synth 8-7129] Port s_axi_awregion[2] in module axi_infrastructure_v1_1_0_axi2vector__parameterized0 is either unconnected or has no load
WARNING: [Synth 8-7129] Port s_axi_awregion[1] in module axi_infrastructure_v1_1_0_axi2vector__parameterized0 is either unconnected or has no load
WARNING: [Synth 8-7129] Port s_axi_awregion[0] in module axi_infrastructure_v1_1_0_axi2vector__parameterized0 is either unconnected or has no load
WARNING: [Synth 8-7129] Port s_axi_awqos[3] in module axi_infrastructure_v1_1_0_axi2vector__parameterized0 is either unconnected or has no load
WARNING: [Synth 8-7129] Port s_axi_awqos[2] in module axi_infrastructure_v1_1_0_axi2vector__parameterized0 is either unconnected or has no load
WARNING: [Synth 8-7129] Port s_axi_awqos[1] in module axi_infrastructure_v1_1_0_axi2vector__parameterized0 is either unconnected or has no load
WARNING: [Synth 8-7129] Port s_axi_awqos[0] in module axi_infrastructure_v1_1_0_axi2vector__parameterized0 is either unconnected or has no load
WARNING: [Synth 8-7129] Port s_axi_awuser[0] in module axi_infrastructure_v1_1_0_axi2vector__parameterized0 is either unconnected or has no load
WARNING: [Synth 8-7129] Port s_axi_wid[0] in module axi_infrastructure_v1_1_0_axi2vector__parameterized0 is either unconnected or has no load
WARNING: [Synth 8-7129] Port s_axi_wlast in module axi_infrastructure_v1_1_0_axi2vector__parameterized0 is either unconnected or has no load
WARNING: [Synth 8-7129] Port s_axi_wuser[0] in module axi_infrastructure_v1_1_0_axi2vector__parameterized0 is either unconnected or has no load
WARNING: [Synth 8-7129] Port s_axi_arid[0] in module axi_infrastructure_v1_1_0_axi2vector__parameterized0 is either unconnected or has no load
WARNING: [Synth 8-7129] Port s_axi_arlen[7] in module axi_infrastructure_v1_1_0_axi2vector__parameterized0 is either unconnected or has no load
WARNING: [Synth 8-7129] Port s_axi_arlen[6] in module axi_infrastructure_v1_1_0_axi2vector__parameterized0 is either unconnected or has no load
WARNING: [Synth 8-7129] Port s_axi_arlen[5] in module axi_infrastructure_v1_1_0_axi2vector__parameterized0 is either unconnected or has no load
WARNING: [Synth 8-7129] Port s_axi_arlen[4] in module axi_infrastructure_v1_1_0_axi2vector__parameterized0 is either unconnected or has no load
WARNING: [Synth 8-7129] Port s_axi_arlen[3] in module axi_infrastructure_v1_1_0_axi2vector__parameterized0 is either unconnected or has no load
WARNING: [Synth 8-7129] Port s_axi_arlen[2] in module axi_infrastructure_v1_1_0_axi2vector__parameterized0 is either unconnected or has no load
WARNING: [Synth 8-7129] Port s_axi_arlen[1] in module axi_infrastructure_v1_1_0_axi2vector__parameterized0 is either unconnected or has no load
WARNING: [Synth 8-7129] Port s_axi_arlen[0] in module axi_infrastructure_v1_1_0_axi2vector__parameterized0 is either unconnected or has no load
WARNING: [Synth 8-7129] Port s_axi_arsize[2] in module axi_infrastructure_v1_1_0_axi2vector__parameterized0 is either unconnected or has no load
WARNING: [Synth 8-7129] Port s_axi_arsize[1] in module axi_infrastructure_v1_1_0_axi2vector__parameterized0 is either unconnected or has no load
WARNING: [Synth 8-7129] Port s_axi_arsize[0] in module axi_infrastructure_v1_1_0_axi2vector__parameterized0 is either unconnected or has no load
WARNING: [Synth 8-7129] Port s_axi_arburst[1] in module axi_infrastructure_v1_1_0_axi2vector__parameterized0 is either unconnected or has no load
WARNING: [Synth 8-7129] Port s_axi_arburst[0] in module axi_infrastructure_v1_1_0_axi2vector__parameterized0 is either unconnected or has no load
WARNING: [Synth 8-7129] Port s_axi_arlock[0] in module axi_infrastructure_v1_1_0_axi2vector__parameterized0 is either unconnected or has no load
WARNING: [Synth 8-7129] Port s_axi_arcache[3] in module axi_infrastructure_v1_1_0_axi2vector__parameterized0 is either unconnected or has no load
WARNING: [Synth 8-7129] Port s_axi_arcache[2] in module axi_infrastructure_v1_1_0_axi2vector__parameterized0 is either unconnected or has no load
WARNING: [Synth 8-7129] Port s_axi_arcache[1] in module axi_infrastructure_v1_1_0_axi2vector__parameterized0 is either unconnected or has no load
WARNING: [Synth 8-7129] Port s_axi_arcache[0] in module axi_infrastructure_v1_1_0_axi2vector__parameterized0 is either unconnected or has no load
WARNING: [Synth 8-7129] Port s_axi_arregion[3] in module axi_infrastructure_v1_1_0_axi2vector__parameterized0 is either unconnected or has no load
WARNING: [Synth 8-7129] Port s_axi_arregion[2] in module axi_infrastructure_v1_1_0_axi2vector__parameterized0 is either unconnected or has no load
WARNING: [Synth 8-7129] Port s_axi_arregion[1] in module axi_infrastructure_v1_1_0_axi2vector__parameterized0 is either unconnected or has no load
WARNING: [Synth 8-7129] Port s_axi_arregion[0] in module axi_infrastructure_v1_1_0_axi2vector__parameterized0 is either unconnected or has no load
WARNING: [Synth 8-7129] Port s_axi_arqos[3] in module axi_infrastructure_v1_1_0_axi2vector__parameterized0 is either unconnected or has no load
WARNING: [Synth 8-7129] Port s_axi_arqos[2] in module axi_infrastructure_v1_1_0_axi2vector__parameterized0 is either unconnected or has no load
WARNING: [Synth 8-7129] Port s_axi_arqos[1] in module axi_infrastructure_v1_1_0_axi2vector__parameterized0 is either unconnected or has no load
WARNING: [Synth 8-7129] Port s_axi_arqos[0] in module axi_infrastructure_v1_1_0_axi2vector__parameterized0 is either unconnected or has no load
WARNING: [Synth 8-7129] Port s_axi_aruser[0] in module axi_infrastructure_v1_1_0_axi2vector__parameterized0 is either unconnected or has no load
WARNING: [Synth 8-7129] Port aclk2x in module axi_register_slice_v2_1_29_axi_register_slice__parameterized0 is either unconnected or has no load
WARNING: [Synth 8-7129] Port ACLK in module axi_register_slice_v2_1_29_axic_register_slice__parameterized0 is either unconnected or has no load
WARNING: [Synth 8-7129] Port ARESET in module axi_register_slice_v2_1_29_axic_register_slice__parameterized0 is either unconnected or has no load
WARNING: [Synth 8-7129] Port m_axi_buser[0] in module axi_infrastructure_v1_1_0_vector2axi is either unconnected or has no load
WARNING: [Synth 8-7129] Port m_axi_ruser[0] in module axi_infrastructure_v1_1_0_vector2axi is either unconnected or has no load
WARNING: [Synth 8-7129] Port s_axi_awuser[0] in module axi_infrastructure_v1_1_0_axi2vector is either unconnected or has no load
WARNING: [Synth 8-7129] Port s_axi_wid[11] in module axi_infrastructure_v1_1_0_axi2vector is either unconnected or has no load
WARNING: [Synth 8-7129] Port s_axi_wid[10] in module axi_infrastructure_v1_1_0_axi2vector is either unconnected or has no load
WARNING: [Synth 8-7129] Port s_axi_wid[9] in module axi_infrastructure_v1_1_0_axi2vector is either unconnected or has no load
WARNING: [Synth 8-7129] Port s_axi_wid[8] in module axi_infrastructure_v1_1_0_axi2vector is either unconnected or has no load
WARNING: [Synth 8-7129] Port s_axi_wid[7] in module axi_infrastructure_v1_1_0_axi2vector is either unconnected or has no load
WARNING: [Synth 8-7129] Port s_axi_wid[6] in module axi_infrastructure_v1_1_0_axi2vector is either unconnected or has no load
WARNING: [Synth 8-7129] Port s_axi_wid[5] in module axi_infrastructure_v1_1_0_axi2vector is either unconnected or has no load
WARNING: [Synth 8-7129] Port s_axi_wid[4] in module axi_infrastructure_v1_1_0_axi2vector is either unconnected or has no load
WARNING: [Synth 8-7129] Port s_axi_wid[3] in module axi_infrastructure_v1_1_0_axi2vector is either unconnected or has no load
WARNING: [Synth 8-7129] Port s_axi_wid[2] in module axi_infrastructure_v1_1_0_axi2vector is either unconnected or has no load
WARNING: [Synth 8-7129] Port s_axi_wid[1] in module axi_infrastructure_v1_1_0_axi2vector is either unconnected or has no load
WARNING: [Synth 8-7129] Port s_axi_wid[0] in module axi_infrastructure_v1_1_0_axi2vector is either unconnected or has no load
WARNING: [Synth 8-7129] Port s_axi_wuser[0] in module axi_infrastructure_v1_1_0_axi2vector is either unconnected or has no load
WARNING: [Synth 8-7129] Port s_axi_aruser[0] in module axi_infrastructure_v1_1_0_axi2vector is either unconnected or has no load
WARNING: [Synth 8-7129] Port aclk2x in module axi_register_slice_v2_1_29_axi_register_slice is either unconnected or has no load
WARNING: [Synth 8-7129] Port s_arlen[7] in module axi_protocol_converter_v2_1_29_b2s_rd_cmd_fsm is either unconnected or has no load
WARNING: [Synth 8-7129] Port s_arlen[6] in module axi_protocol_converter_v2_1_29_b2s_rd_cmd_fsm is either unconnected or has no load
WARNING: [Synth 8-7129] Port s_arlen[5] in module axi_protocol_converter_v2_1_29_b2s_rd_cmd_fsm is either unconnected or has no load
WARNING: [Synth 8-7129] Port s_arlen[4] in module axi_protocol_converter_v2_1_29_b2s_rd_cmd_fsm is either unconnected or has no load
WARNING: [Synth 8-7129] Port s_arlen[3] in module axi_protocol_converter_v2_1_29_b2s_rd_cmd_fsm is either unconnected or has no load
WARNING: [Synth 8-7129] Port s_arlen[2] in module axi_protocol_converter_v2_1_29_b2s_rd_cmd_fsm is either unconnected or has no load
WARNING: [Synth 8-7129] Port s_arlen[1] in module axi_protocol_converter_v2_1_29_b2s_rd_cmd_fsm is either unconnected or has no load
INFO: [Common 17-14] Message 'Synth 8-7129' appears 100 times and further instances of the messages will be disabled. Use the Tcl command set_msg_config to change the current settings.
---------------------------------------------------------------------------------
Finished RTL Elaboration : Time (s): cpu = 00:00:16 ; elapsed = 00:00:39 . Memory (MB): peak = 1596.207 ; gain = 687.031
---------------------------------------------------------------------------------
---------------------------------------------------------------------------------
Start Handling Custom Attributes
---------------------------------------------------------------------------------
---------------------------------------------------------------------------------
Finished Handling Custom Attributes : Time (s): cpu = 00:00:16 ; elapsed = 00:00:39 . Memory (MB): peak = 1596.207 ; gain = 687.031
---------------------------------------------------------------------------------
---------------------------------------------------------------------------------
Finished RTL Optimization Phase 1 : Time (s): cpu = 00:00:16 ; elapsed = 00:00:39 . Memory (MB): peak = 1596.207 ; gain = 687.031
---------------------------------------------------------------------------------
Netlist sorting complete. Time (s): cpu = 00:00:00 ; elapsed = 00:00:00.129 . Memory (MB): peak = 1596.207 ; gain = 0.000
INFO: [Project 1-570] Preparing netlist for logic optimization

Processing XDC Constraints
Initializing timing engine
Parsing XDC File [c:/Users/19165/Downloads/zedboard_LEDs-master/zedboard_LEDs-master/zed_LEDs.srcs/sources_1/bd/design_1/ip/design_1_auto_pc_3/design_1_auto_pc_3_ooc.xdc] for cell 'inst'
Finished Parsing XDC File [c:/Users/19165/Downloads/zedboard_LEDs-master/zedboard_LEDs-master/zed_LEDs.srcs/sources_1/bd/design_1/ip/design_1_auto_pc_3/design_1_auto_pc_3_ooc.xdc] for cell 'inst'
Parsing XDC File [C:/Users/19165/Downloads/zedboard_LEDs-master/zedboard_LEDs-master/zed_LEDs.runs/design_1_auto_pc_3_synth_1/dont_touch.xdc]
Finished Parsing XDC File [C:/Users/19165/Downloads/zedboard_LEDs-master/zedboard_LEDs-master/zed_LEDs.runs/design_1_auto_pc_3_synth_1/dont_touch.xdc]
Completed Processing XDC Constraints

Netlist sorting complete. Time (s): cpu = 00:00:00 ; elapsed = 00:00:00.001 . Memory (MB): peak = 1695.055 ; gain = 0.000
INFO: [Project 1-111] Unisim Transformation Summary:
No Unisim elements were transformed.

The system cannot find the path specified.
Constraint Validation Runtime : Time (s): cpu = 00:00:00 ; elapsed = 00:00:00.135 . Memory (MB): peak = 1695.148 ; gain = 0.094
INFO: [Designutils 20-5008] Incremental synthesis strategy off
---------------------------------------------------------------------------------
Finished Constraint Validation : Time (s): cpu = 00:00:23 ; elapsed = 00:00:56 . Memory (MB): peak = 1695.148 ; gain = 785.973
---------------------------------------------------------------------------------
---------------------------------------------------------------------------------
Start Loading Part and Timing Information
---------------------------------------------------------------------------------
Loading part: xc7z020clg484-1
---------------------------------------------------------------------------------
Finished Loading Part and Timing Information : Time (s): cpu = 00:00:23 ; elapsed = 00:00:56 . Memory (MB): peak = 1695.148 ; gain = 785.973
---------------------------------------------------------------------------------
---------------------------------------------------------------------------------
Start Applying 'set_property' XDC Constraints
---------------------------------------------------------------------------------
Applied set_property KEEP_HIERARCHY = SOFT for inst. (constraint file  C:/Users/19165/Downloads/zedboard_LEDs-master/zedboard_LEDs-master/zed_LEDs.runs/design_1_auto_pc_3_synth_1/dont_touch.xdc, line 9).
---------------------------------------------------------------------------------
Finished applying 'set_property' XDC Constraints : Time (s): cpu = 00:00:23 ; elapsed = 00:00:56 . Memory (MB): peak = 1695.148 ; gain = 785.973
---------------------------------------------------------------------------------
INFO: [Synth 8-802] inferred FSM for state register 'state_reg' in module 'axi_protocol_converter_v2_1_29_b2s_wr_cmd_fsm'
INFO: [Synth 8-802] inferred FSM for state register 'state_reg' in module 'axi_protocol_converter_v2_1_29_b2s_rd_cmd_fsm'
---------------------------------------------------------------------------------------------------
                   State |                     New Encoding |                Previous Encoding 
---------------------------------------------------------------------------------------------------
                 SM_IDLE |                               01 |                               00
               SM_CMD_EN |                               11 |                               01
         SM_CMD_ACCEPTED |                               10 |                               10
            SM_DONE_WAIT |                               00 |                               11
---------------------------------------------------------------------------------------------------
INFO: [Synth 8-3354] encoded FSM with state register 'state_reg' using encoding 'sequential' in module 'axi_protocol_converter_v2_1_29_b2s_wr_cmd_fsm'
---------------------------------------------------------------------------------------------------
                   State |                     New Encoding |                Previous Encoding 
---------------------------------------------------------------------------------------------------
                 SM_IDLE |                               01 |                               00
               SM_CMD_EN |                               11 |                               01
         SM_CMD_ACCEPTED |                               10 |                               10
                 SM_DONE |                               00 |                               11
---------------------------------------------------------------------------------------------------
INFO: [Synth 8-3354] encoded FSM with state register 'state_reg' using encoding 'sequential' in module 'axi_protocol_converter_v2_1_29_b2s_rd_cmd_fsm'
---------------------------------------------------------------------------------
Finished RTL Optimization Phase 2 : Time (s): cpu = 00:00:23 ; elapsed = 00:00:58 . Memory (MB): peak = 1695.148 ; gain = 785.973
---------------------------------------------------------------------------------
---------------------------------------------------------------------------------
Start RTL Component Statistics 
---------------------------------------------------------------------------------
Detailed RTL Component Info : 
+---Adders : 
	   2 Input   12 Bit       Adders := 8     
	   2 Input    9 Bit       Adders := 2     
	   2 Input    8 Bit       Adders := 1     
	   2 Input    5 Bit       Adders := 4     
	   2 Input    4 Bit       Adders := 4     
	   2 Input    2 Bit       Adders := 2     
+---Registers : 
	               73 Bit    Registers := 4     
	               47 Bit    Registers := 2     
	               14 Bit    Registers := 2     
	               12 Bit    Registers := 9     
	                9 Bit    Registers := 2     
	                8 Bit    Registers := 2     
	                5 Bit    Registers := 4     
	                4 Bit    Registers := 6     
	                2 Bit    Registers := 7     
	                1 Bit    Registers := 28    
+---Muxes : 
	   2 Input   73 Bit        Muxes := 4     
	   2 Input   47 Bit        Muxes := 2     
	   2 Input   32 Bit        Muxes := 8     
	   2 Input   14 Bit        Muxes := 2     
	   2 Input   12 Bit        Muxes := 6     
	   2 Input    9 Bit        Muxes := 4     
	   2 Input    5 Bit        Muxes := 4     
	   2 Input    4 Bit        Muxes := 18    
	   2 Input    2 Bit        Muxes := 17    
	   4 Input    2 Bit        Muxes := 4     
	   2 Input    1 Bit        Muxes := 29    
---------------------------------------------------------------------------------
Finished RTL Component Statistics 
---------------------------------------------------------------------------------
---------------------------------------------------------------------------------
Start Part Resource Summary
---------------------------------------------------------------------------------
Part Resources:
DSPs: 220 (col length:60)
BRAMs: 280 (col length: RAMB18 60 RAMB36 30)
---------------------------------------------------------------------------------
Finished Part Resource Summary
---------------------------------------------------------------------------------
---------------------------------------------------------------------------------
Start Cross Boundary and Area Optimization
---------------------------------------------------------------------------------
WARNING: [Synth 8-7080] Parallel synthesis criteria is not met
INFO: [Synth 8-3936] Found unconnected internal register 'gen_axilite.gen_b2s_conv.axilite_b2s/SI_REG/aw.aw_pipe/m_payload_i_reg' and it is trimmed from '73' to '65' bits. [c:/Users/19165/Downloads/zedboard_LEDs-master/zedboard_LEDs-master/zed_LEDs.gen/sources_1/bd/design_1/ipshared/ff9f/hdl/axi_register_slice_v2_1_vl_rfs.v:1726]
INFO: [Synth 8-3936] Found unconnected internal register 'gen_axilite.gen_b2s_conv.axilite_b2s/SI_REG/ar.ar_pipe/m_payload_i_reg' and it is trimmed from '73' to '65' bits. [c:/Users/19165/Downloads/zedboard_LEDs-master/zedboard_LEDs-master/zed_LEDs.gen/sources_1/bd/design_1/ipshared/ff9f/hdl/axi_register_slice_v2_1_vl_rfs.v:1726]
---------------------------------------------------------------------------------
Finished Cross Boundary and Area Optimization : Time (s): cpu = 00:00:27 ; elapsed = 00:01:04 . Memory (MB): peak = 1695.148 ; gain = 785.973
---------------------------------------------------------------------------------
---------------------------------------------------------------------------------
Start Applying XDC Timing Constraints
---------------------------------------------------------------------------------
---------------------------------------------------------------------------------
Finished Applying XDC Timing Constraints : Time (s): cpu = 00:00:32 ; elapsed = 00:01:18 . Memory (MB): peak = 1695.148 ; gain = 785.973
---------------------------------------------------------------------------------
---------------------------------------------------------------------------------
Start Timing Optimization
---------------------------------------------------------------------------------
---------------------------------------------------------------------------------
Finished Timing Optimization : Time (s): cpu = 00:00:33 ; elapsed = 00:01:23 . Memory (MB): peak = 1695.148 ; gain = 785.973
---------------------------------------------------------------------------------
---------------------------------------------------------------------------------
Start Technology Mapping
---------------------------------------------------------------------------------
---------------------------------------------------------------------------------
Finished Technology Mapping : Time (s): cpu = 00:00:33 ; elapsed = 00:01:23 . Memory (MB): peak = 1695.148 ; gain = 785.973
---------------------------------------------------------------------------------
---------------------------------------------------------------------------------
Start IO Insertion
---------------------------------------------------------------------------------
---------------------------------------------------------------------------------
Start Flattening Before IO Insertion
---------------------------------------------------------------------------------
---------------------------------------------------------------------------------
Finished Flattening Before IO Insertion
---------------------------------------------------------------------------------
---------------------------------------------------------------------------------
Start Final Netlist Cleanup
---------------------------------------------------------------------------------
---------------------------------------------------------------------------------
Finished Final Netlist Cleanup
---------------------------------------------------------------------------------
---------------------------------------------------------------------------------
Finished IO Insertion : Time (s): cpu = 00:00:37 ; elapsed = 00:01:32 . Memory (MB): peak = 1695.148 ; gain = 785.973
---------------------------------------------------------------------------------
---------------------------------------------------------------------------------
Start Renaming Generated Instances
---------------------------------------------------------------------------------
---------------------------------------------------------------------------------
Finished Renaming Generated Instances : Time (s): cpu = 00:00:37 ; elapsed = 00:01:32 . Memory (MB): peak = 1695.148 ; gain = 785.973
---------------------------------------------------------------------------------
---------------------------------------------------------------------------------
Start Rebuilding User Hierarchy
---------------------------------------------------------------------------------
---------------------------------------------------------------------------------
Finished Rebuilding User Hierarchy : Time (s): cpu = 00:00:37 ; elapsed = 00:01:32 . Memory (MB): peak = 1695.148 ; gain = 785.973
---------------------------------------------------------------------------------
---------------------------------------------------------------------------------
Start Renaming Generated Ports
---------------------------------------------------------------------------------
---------------------------------------------------------------------------------
Finished Renaming Generated Ports : Time (s): cpu = 00:00:37 ; elapsed = 00:01:32 . Memory (MB): peak = 1695.148 ; gain = 785.973
---------------------------------------------------------------------------------
---------------------------------------------------------------------------------
Start Handling Custom Attributes
---------------------------------------------------------------------------------
---------------------------------------------------------------------------------
Finished Handling Custom Attributes : Time (s): cpu = 00:00:37 ; elapsed = 00:01:32 . Memory (MB): peak = 1695.148 ; gain = 785.973
---------------------------------------------------------------------------------
---------------------------------------------------------------------------------
Start Renaming Generated Nets
---------------------------------------------------------------------------------
---------------------------------------------------------------------------------
Finished Renaming Generated Nets : Time (s): cpu = 00:00:37 ; elapsed = 00:01:32 . Memory (MB): peak = 1695.148 ; gain = 785.973
---------------------------------------------------------------------------------
---------------------------------------------------------------------------------
Start ROM, RAM, DSP, Shift Register and Retiming Reporting
---------------------------------------------------------------------------------

Dynamic Shift Register Report:
+------------+----------------+--------+------------+--------+---------+--------+--------+--------+
|Module Name | RTL Name       | Length | Data Width | SRL16E | SRLC32E | Mux F7 | Mux F8 | Mux F9 | 
+------------+----------------+--------+------------+--------+---------+--------+--------+--------+
|dsrl        | memory_reg[3]  | 20     | 20         | 20     | 0       | 0      | 0      | 0      | 
|dsrl__1     | memory_reg[3]  | 2      | 2          | 2      | 0       | 0      | 0      | 0      | 
|dsrl__2     | memory_reg[31] | 34     | 34         | 0      | 34      | 0      | 0      | 0      | 
|dsrl__3     | memory_reg[31] | 13     | 13         | 0      | 13      | 0      | 0      | 0      | 
|dsrl__4     | memory_reg[3]  | 20     | 20         | 20     | 0       | 0      | 0      | 0      | 
|dsrl__5     | memory_reg[3]  | 2      | 2          | 2      | 0       | 0      | 0      | 0      | 
+------------+----------------+--------+------------+--------+---------+--------+--------+--------+

---------------------------------------------------------------------------------
Finished ROM, RAM, DSP, Shift Register and Retiming Reporting
---------------------------------------------------------------------------------
---------------------------------------------------------------------------------
Start Writing Synthesis Report
---------------------------------------------------------------------------------

Report BlackBoxes: 
+-+--------------+----------+
| |BlackBox name |Instances |
+-+--------------+----------+
+-+--------------+----------+

Report Cell Usage: 
+------+--------+------+
|      |Cell    |Count |
+------+--------+------+
|1     |CARRY4  |    18|
|2     |LUT1    |     5|
|3     |LUT2    |    17|
|4     |LUT3    |   247|
|5     |LUT4    |    40|
|6     |LUT5    |    70|
|7     |LUT6    |   117|
|8     |SRL16E  |    22|
|9     |SRLC32E |    47|
|10    |FDRE    |   568|
|11    |FDSE    |    16|
+------+--------+------+
---------------------------------------------------------------------------------
Finished Writing Synthesis Report : Time (s): cpu = 00:00:37 ; elapsed = 00:01:32 . Memory (MB): peak = 1695.148 ; gain = 785.973
---------------------------------------------------------------------------------
Synthesis finished with 0 errors, 0 critical warnings and 70 warnings.
Synthesis Optimization Runtime : Time (s): cpu = 00:00:19 ; elapsed = 00:01:27 . Memory (MB): peak = 1695.148 ; gain = 687.031
Synthesis Optimization Complete : Time (s): cpu = 00:00:37 ; elapsed = 00:01:33 . Memory (MB): peak = 1695.148 ; gain = 785.973
INFO: [Project 1-571] Translating synthesized netlist
Netlist sorting complete. Time (s): cpu = 00:00:00 ; elapsed = 00:00:00.053 . Memory (MB): peak = 1695.148 ; gain = 0.000
INFO: [Netlist 29-17] Analyzing 18 Unisim elements for replacement
INFO: [Netlist 29-28] Unisim Transformation completed in 0 CPU seconds
INFO: [Project 1-570] Preparing netlist for logic optimization
INFO: [Opt 31-138] Pushed 0 inverter(s) to 0 load pin(s).
Netlist sorting complete. Time (s): cpu = 00:00:00 ; elapsed = 00:00:00.001 . Memory (MB): peak = 1695.148 ; gain = 0.000
INFO: [Project 1-111] Unisim Transformation Summary:
No Unisim elements were transformed.

The system cannot find the path specified.
Synth Design complete | Checksum: 3cd6e898
INFO: [Common 17-83] Releasing license: Synthesis
87 Infos, 109 Warnings, 0 Critical Warnings and 0 Errors encountered.
synth_design completed successfully
synth_design: Time (s): cpu = 00:00:40 ; elapsed = 00:01:47 . Memory (MB): peak = 1695.148 ; gain = 1206.664
Write ShapeDB Complete: Time (s): cpu = 00:00:00 ; elapsed = 00:00:00.005 . Memory (MB): peak = 1695.148 ; gain = 0.000
INFO: [Common 17-1381] The checkpoint 'C:/Users/19165/Downloads/zedboard_LEDs-master/zedboard_LEDs-master/zed_LEDs.runs/design_1_auto_pc_3_synth_1/design_1_auto_pc_3.dcp' has been generated.
INFO: [Coretcl 2-1648] Added synthesis output to IP cache for IP design_1_auto_pc_3, cache-ID = 560b41f5673c3268
INFO: [Coretcl 2-1174] Renamed 23 cell refs.
Write ShapeDB Complete: Time (s): cpu = 00:00:00 ; elapsed = 00:00:00.004 . Memory (MB): peak = 1695.148 ; gain = 0.000
INFO: [Common 17-1381] The checkpoint 'C:/Users/19165/Downloads/zedboard_LEDs-master/zedboard_LEDs-master/zed_LEDs.runs/design_1_auto_pc_3_synth_1/design_1_auto_pc_3.dcp' has been generated.
INFO: [runtcl-4] Executing : report_utilization -file design_1_auto_pc_3_utilization_synth.rpt -pb design_1_auto_pc_3_utilization_synth.pb
INFO: [Common 17-206] Exiting Vivado at Wed Jan 24 14:35:23 2024...
