#-----------------------------------------------------------
# Webtalk v2018.2 (64-bit)
# SW Build 2258646 on Thu Jun 14 20:03:12 MDT 2018
# 
# Start of session at: Thu Mar 14 23:00:54 2019
# Process ID: 13040
# Current directory: C:/Xilinx/Vivado/projects/zed_LEDs/zed_LEDs.sdk/webtalk
# Command line: wbtcv.exe -mode batch -source sdk_webtalk.tcl
# Log file: C:/Xilinx/Vivado/projects/zed_LEDs/zed_LEDs.sdk/webtalk/webtalk.log
# Journal file: C:/Xilinx/Vivado/projects/zed_LEDs/zed_LEDs.sdk/webtalk\webtalk.jou
#-----------------------------------------------------------
source sdk_webtalk.tcl
# webtalk_init -webtalk_dir C:\\Xilinx\\Vivado\\projects\\zed_LEDs\\zed_LEDs.sdk\\webtalk
# webtalk_register_client -client project
# webtalk_add_data -client project -key date_generated -value "2019-03-14 23:00:52" -context "software_version_and_target_device"
# webtalk_add_data -client project -key product_version -value "SDK v2018.2" -context "software_version_and_target_device"
# webtalk_add_data -client project -key build_version -value "2018.2" -context "software_version_and_target_device"
# webtalk_add_data -client project -key os_platform -value "amd64" -context "software_version_and_target_device"
# webtalk_add_data -client project -key registration_id -value "" -context "software_version_and_target_device"
# webtalk_add_data -client project -key tool_flow -value "SDK" -context "software_version_and_target_device"
# webtalk_add_data -client project -key beta -value "false" -context "software_version_and_target_device"
# webtalk_add_data -client project -key route_design -value "NA" -context "software_version_and_target_device"
# webtalk_add_data -client project -key target_family -value "NA" -context "software_version_and_target_device"
# webtalk_add_data -client project -key target_device -value "NA" -context "software_version_and_target_device"
# webtalk_add_data -client project -key target_package -value "NA" -context "software_version_and_target_device"
# webtalk_add_data -client project -key target_speed -value "NA" -context "software_version_and_target_device"
# webtalk_add_data -client project -key random_id -value "qc225ieicgli43o1iuiamqbvmm" -context "software_version_and_target_device"
# webtalk_add_data -client project -key project_id -value "2018.2_25" -context "software_version_and_target_device"
# webtalk_add_data -client project -key project_iteration -value "25" -context "software_version_and_target_device"
# webtalk_add_data -client project -key os_name -value "Microsoft Windows 8 or later , 64-bit" -context "user_environment"
# webtalk_add_data -client project -key os_release -value "major release  (build 9200)" -context "user_environment"
# webtalk_add_data -client project -key cpu_name -value "Intel(R) Core(TM) i7-3770K CPU @ 3.50GHz" -context "user_environment"
# webtalk_add_data -client project -key cpu_speed -value "3510 MHz" -context "user_environment"
# webtalk_add_data -client project -key total_processors -value "1" -context "user_environment"
# webtalk_add_data -client project -key system_ram -value "34.238 GB" -context "user_environment"
# webtalk_register_client -client sdk
# webtalk_add_data -client sdk -key uid -value "1552629372140" -context "sdk\\\\bsp/1552629372140"
# webtalk_add_data -client sdk -key hwid -value "1548835822844" -context "sdk\\\\bsp/1552629372140"
# webtalk_add_data -client sdk -key os -value "standalone" -context "sdk\\\\bsp/1552629372140"
# webtalk_add_data -client sdk -key apptemplate -value "null" -context "sdk\\\\bsp/1552629372140"
# webtalk_add_data -client sdk -key RecordType -value "BSPCreation" -context "sdk\\\\bsp/1552629372140"
# webtalk_add_data -client sdk -key uid -value "NA" -context "sdk\\\\bsp/1552629652882"
# webtalk_add_data -client sdk -key RecordType -value "ToolUsage" -context "sdk\\\\bsp/1552629652882"
# webtalk_add_data -client sdk -key BootgenCount -value "0" -context "sdk\\\\bsp/1552629652882"
# webtalk_add_data -client sdk -key DebugCount -value "0" -context "sdk\\\\bsp/1552629652882"
# webtalk_add_data -client sdk -key PerfCount -value "0" -context "sdk\\\\bsp/1552629652882"
# webtalk_add_data -client sdk -key FlashCount -value "0" -context "sdk\\\\bsp/1552629652882"
# webtalk_add_data -client sdk -key CrossTriggCount -value "0" -context "sdk\\\\bsp/1552629652882"
# webtalk_add_data -client sdk -key QemuDebugCount -value "0" -context "sdk\\\\bsp/1552629652882"
# webtalk_transmit -clientid 1792423687 -regid "" -xml C:\\Xilinx\\Vivado\\projects\\zed_LEDs\\zed_LEDs.sdk\\webtalk\\usage_statistics_ext_sdk.xml -html C:\\Xilinx\\Vivado\\projects\\zed_LEDs\\zed_LEDs.sdk\\webtalk\\usage_statistics_ext_sdk.html -wdm C:\\Xilinx\\Vivado\\projects\\zed_LEDs\\zed_LEDs.sdk\\webtalk\\sdk_webtalk.wdm -intro "<H3>SDK Usage Report</H3><BR>"
# webtalk_terminate
INFO: [Common 17-206] Exiting Webtalk at Thu Mar 14 23:00:54 2019...
